1.100: C0 arrived [ ]
1.100: C0 Deposit begin (by S0 [ ])
1.200: C1 arrived [ ]
1.200: C1 joined bank queue [ ]
1.300: C2 arrived [ C1 ]
1.300: C2 joined bank queue [ C1 ]
1.400: C3 arrived [ C1 C2 ]
1.400: C3 joined bank queue [ C1 C2 ]
3.100: C0 Deposit done (by S0 [ ])
3.100: C0 departed
3.100: C1 Deposit begin (by S0 [ ])
4.000: C4 arrived [ C2 C3 ]
4.000: C4 joined bank queue [ C2 C3 ]
5.000: C5 arrived [ C2 C3 C4 ]
5.000: C5 departed
5.100: C1 Deposit done (by S0 [ ])
5.100: C1 departed
5.100: C2 Withdrawal begin (by S0 [ ])
7.100: C2 Withdrawal done (by S0 [ ])
7.100: C2 departed
7.100: C3 Withdrawal begin (by S0 [ ])
9.100: C3 Withdrawal done (by S0 [ ])
9.100: C3 departed
9.100: C4 Withdrawal begin (by S0 [ ])
11.100: C4 Withdrawal done (by S0 [ ])
11.100: C4 departed
